<?xml version="1.0" encoding="UTF-8"?>
<!-- Generated by org.testng.reporters.JUnitReportReporter -->
<testsuite hostname="DESKTOP-NBEVFU4" failures="0" tests="1" name="com.qalegentbilling.testscripts.AddRolesTest" time="23.315" errors="0" timestamp="2023-05-05T22:46:09 GST" skipped="0">
  <testcase classname="com.qalegentbilling.testscripts.AddRolesTest" name="TC021_verifyAddRolespagetitle" time="23.315"/>
  <system-out/>
</testsuite> <!-- com.qalegentbilling.testscripts.AddRolesTest -->
