<?xml version="1.0" encoding="UTF-8"?>
<!-- Generated by org.testng.reporters.JUnitReportReporter -->
<testsuite hostname="DESKTOP-NBEVFU4" failures="0" tests="1" name="com.qalegentbilling.testscripts.User" time="16.122" errors="0" timestamp="2023-04-23T00:21:09 GST" skipped="0">
  <testcase classname="com.qalegentbilling.testscripts.User" name="TC010_verifyUserPageTitle" time="16.122"/>
  <system-out/>
</testsuite> <!-- com.qalegentbilling.testscripts.User -->
