<?xml version="1.0" encoding="UTF-8"?>
<!-- Generated by org.testng.reporters.JUnitReportReporter -->
<testsuite hostname="DESKTOP-NBEVFU4" failures="0" tests="1" name="com.qalegentbilling.testscripts.ViewUserTest" time="31.062" errors="0" timestamp="2023-05-03T21:08:13 GST" skipped="0">
  <testcase classname="com.qalegentbilling.testscripts.ViewUserTest" name="TC020_verifyviewDetails" time="31.062"/>
  <system-out/>
</testsuite> <!-- com.qalegentbilling.testscripts.ViewUserTest -->
