<?xml version="1.0" encoding="UTF-8"?>
<!-- Generated by org.testng.reporters.JUnitReportReporter -->
<testsuite hostname="DESKTOP-NBEVFU4" failures="0" tests="1" name="com.qalegentbilling.testscripts.UserTest" time="23.375" errors="0" timestamp="2023-04-29T21:31:07 GST" skipped="0">
  <testcase classname="com.qalegentbilling.testscripts.UserTest" name="TC013_verifyerrorMsginAdduser" time="23.375"/>
  <system-out/>
</testsuite> <!-- com.qalegentbilling.testscripts.UserTest -->
