<?xml version="1.0" encoding="UTF-8"?>
<!-- Generated by org.testng.reporters.JUnitReportReporter -->
<testsuite hostname="DESKTOP-NBEVFU4" failures="0" tests="1" name="com.qalegentbilling.testscripts.RoleTest" time="21.777" errors="0" timestamp="2023-05-02T09:55:17 GST" skipped="0">
  <testcase classname="com.qalegentbilling.testscripts.RoleTest" name="TC021_verifyRolespagetitle" time="21.777"/>
  <system-out/>
</testsuite> <!-- com.qalegentbilling.testscripts.RoleTest -->
