<?xml version="1.0" encoding="UTF-8"?>
<!-- Generated by org.testng.reporters.JUnitReportReporter -->
<testsuite hostname="DESKTOP-NBEVFU4" failures="0" tests="1" name="com.qalegentbilling.testscripts.Home" time="14.187" errors="0" timestamp="2023-04-23T00:41:04 GST" skipped="0">
  <testcase classname="com.qalegentbilling.testscripts.Home" name="TC009_verifyuserManagementbutton" time="14.187"/>
  <system-out/>
</testsuite> <!-- com.qalegentbilling.testscripts.Home -->
