<?xml version="1.0" encoding="UTF-8"?>
<!-- Generated by org.testng.reporters.JUnitReportReporter -->
<testsuite hostname="DESKTOP-NBEVFU4" failures="0" tests="1" name="com.qalegentbilling.testscripts.ViewUserTest" time="20.666" errors="0" timestamp="2023-05-01T16:57:01 GST" skipped="0">
  <testcase classname="com.qalegentbilling.testscripts.ViewUserTest" name="TC020_verifyviewDetails" time="20.666"/>
  <system-out/>
</testsuite> <!-- com.qalegentbilling.testscripts.ViewUserTest -->
