<?xml version="1.0" encoding="UTF-8"?>
<!-- Generated by org.testng.reporters.JUnitReportReporter -->
<testsuite hostname="DESKTOP-NBEVFU4" failures="0" tests="1" name="com.qalegentbilling.testscripts.LoginTest" time="11.931" errors="0" timestamp="2023-05-02T10:01:00 GST" skipped="0">
  <testcase classname="com.qalegentbilling.testscripts.LoginTest" name="TC001_verifyLoginPageTitle" time="11.931"/>
  <system-out/>
</testsuite> <!-- com.qalegentbilling.testscripts.LoginTest -->
