<?xml version="1.0" encoding="UTF-8"?>
<!-- Generated by org.testng.reporters.JUnitReportReporter -->
<testsuite hostname="DESKTOP-NBEVFU4" failures="0" tests="1" name="com.qalegentbilling.testscripts.HomeTest" time="14.880" errors="0" timestamp="2023-05-02T10:01:00 GST" skipped="0">
  <testcase classname="com.qalegentbilling.testscripts.HomeTest" name="TC006_verifyHomePageTitle" time="14.880"/>
  <system-out/>
</testsuite> <!-- com.qalegentbilling.testscripts.HomeTest -->
