<?xml version="1.0" encoding="UTF-8"?>
<!-- Generated by org.testng.reporters.JUnitReportReporter -->
<testsuite hostname="DESKTOP-NBEVFU4" failures="0" tests="1" name="com.qalegentbilling.testscripts.LoginTest" time="10.372" errors="0" timestamp="2023-04-26T16:40:21 GST" skipped="0">
  <testcase classname="com.qalegentbilling.testscripts.LoginTest" name="TC001_verifyLoginPageTitle" time="10.372"/>
  <system-out/>
</testsuite> <!-- com.qalegentbilling.testscripts.LoginTest -->
