<?xml version="1.0" encoding="UTF-8"?>
<!-- Generated by org.testng.reporters.JUnitReportReporter -->
<testsuite hostname="DESKTOP-NBEVFU4" failures="0" tests="1" name="com.qalegentbilling.testscripts.EditUserTest" time="62.573" errors="0" timestamp="2023-04-30T23:33:54 GST" skipped="0">
  <testcase classname="com.qalegentbilling.testscripts.EditUserTest" name="TC019_verifyDeleteuser" time="62.573"/>
  <system-out/>
</testsuite> <!-- com.qalegentbilling.testscripts.EditUserTest -->
