<?xml version="1.0" encoding="UTF-8"?>
<!-- Generated by org.testng.reporters.JUnitReportReporter -->
<testsuite hostname="DESKTOP-NBEVFU4" failures="0" tests="1" name="com.qalegentbilling.testscripts.RoleTest" time="38.412" errors="0" timestamp="2023-05-05T15:46:10 GST" skipped="0">
  <testcase classname="com.qalegentbilling.testscripts.RoleTest" name="TC026_verifydeleteroles" time="38.412"/>
  <system-out/>
</testsuite> <!-- com.qalegentbilling.testscripts.RoleTest -->
