<?xml version="1.0" encoding="UTF-8"?>
<!-- Generated by org.testng.reporters.JUnitReportReporter -->
<testsuite hostname="DESKTOP-NBEVFU4" failures="0" tests="1" name="com.qalegentbilling.testscripts.AddTest" time="19.888" errors="0" timestamp="2023-04-30T21:43:40 GST" skipped="0">
  <testcase classname="com.qalegentbilling.testscripts.AddTest" name="TC017_verifyEditusertitle" time="19.888"/>
  <system-out/>
</testsuite> <!-- com.qalegentbilling.testscripts.AddTest -->
