<?xml version="1.0" encoding="UTF-8"?>
<!-- Generated by org.testng.reporters.JUnitReportReporter -->
<testsuite hostname="DESKTOP-NBEVFU4" failures="0" tests="1" name="com.qalegentbilling.testscripts.UserTest" time="19.352" errors="0" timestamp="2023-05-03T11:39:29 GST" skipped="0">
  <testcase classname="com.qalegentbilling.testscripts.UserTest" name="TC012_verifyUserSearchWithInValidData" time="19.352"/>
  <system-out/>
</testsuite> <!-- com.qalegentbilling.testscripts.UserTest -->
