<?xml version="1.0" encoding="UTF-8"?>
<!-- Generated by org.testng.reporters.JUnitReportReporter -->
<testsuite hostname="DESKTOP-NBEVFU4" failures="0" tests="1" name="com.qalegentbilling.testscripts.AddTest" time="19.952" errors="0" timestamp="2023-05-05T22:58:18 GST" skipped="0">
  <testcase classname="com.qalegentbilling.testscripts.AddTest" name="TC013_verifyerrorMsginAdduser" time="19.952"/>
  <system-out/>
</testsuite> <!-- com.qalegentbilling.testscripts.AddTest -->
