<?xml version="1.0" encoding="UTF-8"?>
<!-- Generated by org.testng.reporters.JUnitReportReporter -->
<testsuite hostname="DESKTOP-NBEVFU4" failures="0" tests="1" name="com.qalegentbilling.testscripts.LoginTest" time="28.897" errors="0" timestamp="2023-05-05T21:33:57 GST" skipped="0">
  <testcase classname="com.qalegentbilling.testscripts.LoginTest" name="TC002_verifyUserLoginWithValidCredentials" time="28.897"/>
  <system-out/>
</testsuite> <!-- com.qalegentbilling.testscripts.LoginTest -->
