<?xml version="1.0" encoding="UTF-8"?>
<!-- Generated by org.testng.reporters.JUnitReportReporter -->
<testsuite hostname="DESKTOP-NBEVFU4" failures="0" tests="1" name="com.qalegentbilling.testscripts.HomeTest" time="18.557" errors="0" timestamp="2023-05-05T22:33:57 GST" skipped="0">
  <testcase classname="com.qalegentbilling.testscripts.HomeTest" name="TC009_verifyuserManagementbutton" time="18.557"/>
  <system-out/>
</testsuite> <!-- com.qalegentbilling.testscripts.HomeTest -->
